d:\smartsute\smartsute\smartsute\pagenavigation\new folder\inkrecobridge\inkrecobridge\x64\debug\inkrecobridge.pch
d:\smartsute\smartsute\smartsute\pagenavigation\new folder\inkrecobridge\inkrecobridge\x64\debug\vc145.pdb
d:\smartsute\smartsute\smartsute\pagenavigation\new folder\inkrecobridge\inkrecobridge\x64\debug\vc145.idb
d:\smartsute\smartsute\smartsute\pagenavigation\new folder\inkrecobridge\inkrecobridge\x64\debug\pch.obj
d:\smartsute\smartsute\smartsute\pagenavigation\new folder\inkrecobridge\inkrecobridge\x64\debug\dllmain.obj
d:\smartsute\smartsute\smartsute\pagenavigation\new folder\inkrecobridge\inkrecobridge\x64\debug\inkrecobridge.vcxproj.cppwinrt_comp.cache
d:\smartsute\smartsute\smartsute\pagenavigation\new folder\inkrecobridge\inkrecobridge\x64\debug\inkrecobridge.vcxproj.cppwinrt_plat.cache
d:\smartsute\smartsute\smartsute\pagenavigation\new folder\inkrecobridge\inkrecobridge\x64\debug\inkrecobridge.vcxproj.mdmergeinputs.cache
d:\smartsute\smartsute\smartsute\pagenavigation\new folder\inkrecobridge\inkrecobridge\x64\debug\inkrecobridge.ilk
d:\smartsute\smartsute\smartsute\pagenavigation\new folder\inkrecobridge\inkrecobridge\x64\debug\inkrecobridge.vcxproj.cppwinrt_comp.rsp
d:\smartsute\smartsute\smartsute\pagenavigation\new folder\inkrecobridge\inkrecobridge\x64\debug\inkrecobridge.vcxproj.cppwinrt_plat.rsp
d:\smartsute\smartsute\smartsute\pagenavigation\new folder\inkrecobridge\inkrecobridge\x64\debug\inkrecobridge.vcxproj.mdmerge.rsp
d:\smartsute\smartsute\smartsute\pagenavigation\new folder\inkrecobridge\inkrecobridge\x64\debug\inkrecobridge.vcxproj.midlrt.rsp
d:\smartsute\smartsute\smartsute\pagenavigation\new folder\inkrecobridge\x64\debug\inkrecobridge.pdb
d:\smartsute\smartsute\smartsute\pagenavigation\new folder\inkrecobridge\x64\debug\inkrecobridge.dll
d:\smartsute\smartsute\smartsute\pagenavigation\new folder\inkrecobridge\inkrecobridge\x64\debug\inkrecobridge.tlog\cl.command.1.tlog
d:\smartsute\smartsute\smartsute\pagenavigation\new folder\inkrecobridge\inkrecobridge\x64\debug\inkrecobridge.tlog\cl.read.1.tlog
d:\smartsute\smartsute\smartsute\pagenavigation\new folder\inkrecobridge\inkrecobridge\x64\debug\inkrecobridge.tlog\cl.write.1.tlog
d:\smartsute\smartsute\smartsute\pagenavigation\new folder\inkrecobridge\inkrecobridge\x64\debug\inkrecobridge.tlog\link.command.1.tlog
d:\smartsute\smartsute\smartsute\pagenavigation\new folder\inkrecobridge\inkrecobridge\x64\debug\inkrecobridge.tlog\link.read.1.tlog
d:\smartsute\smartsute\smartsute\pagenavigation\new folder\inkrecobridge\inkrecobridge\x64\debug\inkrecobridge.tlog\link.read.2.tlog
d:\smartsute\smartsute\smartsute\pagenavigation\new folder\inkrecobridge\inkrecobridge\x64\debug\inkrecobridge.tlog\link.write.1.tlog
